  using 8 OpenMP thread(s) per MPI task
using multi-threaded neighbor list subroutines
Lattice spacing in x,y,z = 4.049 4.049 4.049
Created orthogonal box = (0 0 0) to (16.196 16.196 16.196)
  1 by 1 by 1 MPI processor grid
Created 256 atoms
  using lattice units in orthogonal box = (0 0 0) to (16.196 16.196 16.196)
  create_atoms CPU = 0.000 seconds
Reading eam/alloy potential file Al_zhou.eam.alloy with DATE: 2007-10-12
WARNING: Converting eam/alloy potential in metal units to real units (src/potential_file_reader.cpp:300)
WARNING: No fixes with time integration, atoms won't move
For more information see https://docs.lammps.org/err0028 (src/verlet.cpp:60)
Last active /omp style is pair_style eam/alloy/omp
Neighbor list info ...
  update: every = 1 steps, delay = 0 steps, check = yes
  max neighbors/atom: 2000, page size: 100000
  master list distance cutoff = 12.1025
  ghost atom cutoff = 12.1025
  binsize = 6.05125, bins = 3 3 3
  1 neighbor lists, perpetual/occasional/extra = 1 0 0
  (1) pair eam/alloy/omp, perpetual
      attributes: half, newton on, omp
      pair build: half/bin/atomonly/newton/omp
      stencil: half/bin/3d
      bin: standard
Setting up Verlet run ...
  Unit style    : real
  Current step  : 0
  Time step     : 1
Per MPI rank memory allocation (min/avg/max) = 9.772 | 9.772 | 9.772 Mbytes
   Step         PotEng        c_eatoms        Press            Lx             Ly             Lz      
         0  -21116.675     -21116.675      24061.039      16.196         16.196         16.196       
Loop time of 1.192e-06 on 8 procs for 0 steps with 256 atoms
