  using 8 OpenMP thread(s) per MPI task
using multi-threaded neighbor list subroutines
Lattice spacing in x,y,z = 4.049 4.049 4.049
Created orthogonal box = (0 0 0) to (16.196 16.196 16.196)
  1 by 1 by 1 MPI processor grid
Created 256 atoms
  using lattice units in orthogonal box = (0 0 0) to (16.196 16.196 16.196)
  create_atoms CPU = 0.000 seconds
Reading MEAM library file library.meam with DATE: 2012-06-29
Reading MEAM potential file AlSiMgCuFe.meam with DATE: 2012-06-29
No /omp style for force computation currently active
Neighbor list info ...
  update: every = 1 steps, delay = 0 steps, check = yes
  max neighbors/atom: 2000, page size: 100000
  master list distance cutoff = 7
  ghost atom cutoff = 7
  binsize = 3.5, bins = 5 5 5
  2 neighbor lists, perpetual/occasional/extra = 2 0 0
  (1) pair meam, perpetual
      attributes: full, newton on, omp
      pair build: full/bin/atomonly/omp
      stencil: full/bin/3d
      bin: standard
  (2) pair meam, perpetual, half/full from (1)
      attributes: half, newton on, omp
      pair build: halffull/newton/omp
      stencil: none
      bin: none
Setting up cg style minimization ...
  Unit style    : metal
  Current step  : 0
WARNING: Energy due to 1 extra global DOFs will be included in minimizer energies
 (src/min.cpp:224)
Per MPI rank memory allocation (min/avg/max) = 19.16 | 19.16 | 19.16 Mbytes
   Step         PotEng        c_eatoms        Press            Lx            Pxx            Pyy            Pzz      
         0  -858.36744     -858.36744      574.29324      16.196         574.29324      574.29324      574.29324    
         3  -858.368       -858.368       -8.8560863e-06  16.199997     -8.8560878e-06 -8.8560849e-06 -8.8560863e-06
Loop time of 0.013663 on 8 procs for 3 steps with 256 atoms

852.3% CPU use with 1 MPI tasks x 8 OpenMP threads

Minimization stats:
  Stopping criterion = energy tolerance
  Energy initial, next-to-last, final = 
     -858.367440212093  -858.368003630601  -858.368003630632
  Force two-norm initial, final = 4.5684398 7.048397e-08
  Force max component initial, final = 4.5684398 7.048397e-08
  Final line search alpha, max atom move = 1 7.048397e-08
  Iterations, force evaluations = 3 6

MPI task timing breakdown:
Section |  min time  |  avg time  |  max time  |%varavg| %total
---------------------------------------------------------------
Pair    | 0.013517   | 0.013517   | 0.013517   |   0.0 | 98.93
Neigh   | 0          | 0          | 0          |   0.0 |  0.00
Comm    | 2.6432e-05 | 2.6432e-05 | 2.6432e-05 |   0.0 |  0.19
Output  | 0          | 0          | 0          |   0.0 |  0.00
Modify  | 1.7252e-05 | 1.7252e-05 | 1.7252e-05 |   0.0 |  0.13
Other   |            | 0.0001026  |            |       |  0.75

Nlocal:            256 ave         256 max         256 min
Histogram: 1 0 0 0 0 0 0 0 0 0
Nghost:           1431 ave        1431 max        1431 min
Histogram: 1 0 0 0 0 0 0 0 0 0
Neighs:           9984 ave        9984 max        9984 min
Histogram: 1 0 0 0 0 0 0 0 0 0
FullNghs:        19968 ave       19968 max       19968 min
Histogram: 1 0 0 0 0 0 0 0 0 0

Total # of neighbors = 19968
Ave neighs/atom = 78
Neighbor list builds = 0
Dangerous builds = 0
------- MEAM: AlSiMgCuFe.meam AlS ------------------
Number of atoms        = 256
Equilibrium a0 (Ang)   = 4.04999918096807
Cohesive energy (eV)   = -3.35300001418216
----------------------------------------------------
