  using 8 OpenMP thread(s) per MPI task
using multi-threaded neighbor list subroutines
Lattice spacing in x,y,z = 4.049 4.049 4.049
Created orthogonal box = (0 0 0) to (16.196 16.196 16.196)
  1 by 1 by 1 MPI processor grid
Created 256 atoms
  using lattice units in orthogonal box = (0 0 0) to (16.196 16.196 16.196)
  create_atoms CPU = 0.000 seconds
Reading eam/fs potential file Al_mm.eam.fs with DATE: 2007-06-11
Last active /omp style is pair_style eam/fs/omp
Neighbor list info ...
  update: every = 1 steps, delay = 0 steps, check = yes
  max neighbors/atom: 2000, page size: 100000
  master list distance cutoff = 8.5
  ghost atom cutoff = 8.5
  binsize = 4.25, bins = 4 4 4
  1 neighbor lists, perpetual/occasional/extra = 1 0 0
  (1) pair eam/fs/omp, perpetual
      attributes: half, newton on, omp
      pair build: half/bin/atomonly/newton/omp
      stencil: half/bin/3d
      bin: standard
Setting up cg style minimization ...
  Unit style    : metal
  Current step  : 0
WARNING: Energy due to 1 extra global DOFs will be included in minimizer energies
 (src/min.cpp:224)
Per MPI rank memory allocation (min/avg/max) = 10.84 | 10.84 | 10.84 Mbytes
   Step         PotEng        c_eatoms        Press            Lx            Pxx            Pyy            Pzz      
         0  -873.12037     -873.12037     -2121.5485      16.196        -2121.5485     -2121.5485     -2121.5485    
         3  -873.12818     -873.12818      0.00010470654  16.181039      0.00010470654  0.00010470654  0.00010470654
Loop time of 0.000906824 on 8 procs for 3 steps with 256 atoms

865.4% CPU use with 1 MPI tasks x 8 OpenMP threads

Minimization stats:
  Stopping criterion = energy tolerance
  Energy initial, next-to-last, final = 
     -873.120373835615  -873.128180151971  -873.128180151959
  Force two-norm initial, final = 16.876686 8.3139095e-07
  Force max component initial, final = 16.876686 8.3139095e-07
  Final line search alpha, max atom move = 1 8.3139095e-07
  Iterations, force evaluations = 3 6

MPI task timing breakdown:
Section |  min time  |  avg time  |  max time  |%varavg| %total
---------------------------------------------------------------
Pair    | 0.00073644 | 0.00073644 | 0.00073644 |   0.0 | 81.21
Neigh   | 0          | 0          | 0          |   0.0 |  0.00
Comm    | 4.186e-05  | 4.186e-05  | 4.186e-05  |   0.0 |  4.62
Output  | 0          | 0          | 0          |   0.0 |  0.00
Modify  | 3.3886e-05 | 3.3886e-05 | 3.3886e-05 |   0.0 |  3.74
Other   |            | 9.464e-05  |            |       | 10.44

Nlocal:            256 ave         256 max         256 min
Histogram: 1 0 0 0 0 0 0 0 0 0
Nghost:           2201 ave        2201 max        2201 min
Histogram: 1 0 0 0 0 0 0 0 0 0
Neighs:          17920 ave       17920 max       17920 min
Histogram: 1 0 0 0 0 0 0 0 0 0

Total # of neighbors = 17920
Ave neighs/atom = 70
Neighbor list builds = 0
Dangerous builds = 0
------- EAM: Al_mm.eam.fs --------------------------
Number of atoms        = 256
Equilibrium a0 (Ang)   = 4.04525979322794
Cohesive energy (eV)   = -3.41065695371859
----------------------------------------------------
