  using 8 OpenMP thread(s) per MPI task
using multi-threaded neighbor list subroutines
Lattice spacing in x,y,z = 4.049 4.049 4.049
Created orthogonal box = (0 0 0) to (16.196 16.196 16.196)
  1 by 1 by 1 MPI processor grid
Created 256 atoms
  using lattice units in orthogonal box = (0 0 0) to (16.196 16.196 16.196)
  create_atoms CPU = 0.000 seconds
Reading eam/alloy potential file Al_zhou.eam.alloy with DATE: 2007-10-12
Last active /omp style is pair_style eam/alloy/omp
Neighbor list info ...
  update: every = 1 steps, delay = 0 steps, check = yes
  max neighbors/atom: 2000, page size: 100000
  master list distance cutoff = 12.1025
  ghost atom cutoff = 12.1025
  binsize = 6.05125, bins = 3 3 3
  1 neighbor lists, perpetual/occasional/extra = 1 0 0
  (1) pair eam/alloy/omp, perpetual
      attributes: half, newton on, omp
      pair build: half/bin/atomonly/newton/omp
      stencil: half/bin/3d
      bin: standard
Setting up cg style minimization ...
  Unit style    : metal
  Current step  : 0
WARNING: Energy due to 1 extra global DOFs will be included in minimizer energies
 (src/min.cpp:224)
Per MPI rank memory allocation (min/avg/max) = 10.92 | 10.92 | 10.92 Mbytes
   Step         PotEng        c_eatoms        Press            Lx            Pxx            Pyy            Pzz      
         0  -915.70563     -915.70563      24379.848      16.196         24379.848      24379.848      24379.848    
        10  -916.47966     -916.47966     -0.0044104868   16.32662      -0.0044104868  -0.0044104868  -0.0044104869 
        11  -916.47966     -916.47966     -7.8917535e-07  16.32662      -7.8912818e-07 -7.8915842e-07 -7.8923946e-07
Loop time of 0.00342975 on 8 procs for 11 steps with 256 atoms

745.1% CPU use with 1 MPI tasks x 8 OpenMP threads

Minimization stats:
  Stopping criterion = energy tolerance
  Energy initial, next-to-last, final = 
     -915.705628675326  -916.479656941854  -916.479656941853
  Force two-norm initial, final = 193.93902 6.3794719e-09
  Force max component initial, final = 193.93902 6.3794719e-09
  Final line search alpha, max atom move = 1 6.3794719e-09
  Iterations, force evaluations = 11 14

MPI task timing breakdown:
Section |  min time  |  avg time  |  max time  |%varavg| %total
---------------------------------------------------------------
Pair    | 0.002975   | 0.002975   | 0.002975   |   0.0 | 86.74
Neigh   | 0          | 0          | 0          |   0.0 |  0.00
Comm    | 0.00013465 | 0.00013465 | 0.00013465 |   0.0 |  3.93
Output  | 1.6111e-05 | 1.6111e-05 | 1.6111e-05 |   0.0 |  0.47
Modify  | 7.6949e-05 | 7.6949e-05 | 7.6949e-05 |   0.0 |  2.24
Other   |            | 0.0002271  |            |       |  6.62

Nlocal:            256 ave         256 max         256 min
Histogram: 1 0 0 0 0 0 0 0 0 0
Nghost:           3744 ave        3744 max        3744 min
Histogram: 1 0 0 0 0 0 0 0 0 0
Neighs:          54784 ave       54784 max       54784 min
Histogram: 1 0 0 0 0 0 0 0 0 0

Total # of neighbors = 54784
Ave neighs/atom = 214
Neighbor list builds = 0
Dangerous builds = 0
----------------------------------------------------
Number of atoms        = 256
Equilibrium a0 (Ang)   = 4.08165490078573
Cohesive energy (eV)   = -3.57999865992911
----------------------------------------------------
