  using 8 OpenMP thread(s) per MPI task
using multi-threaded neighbor list subroutines
Lattice spacing in x,y,z = 4.049 4.049 4.049
Created orthogonal box = (0 0 0) to (16.196 16.196 16.196)
  1 by 1 by 1 MPI processor grid
Created 256 atoms
  using lattice units in orthogonal box = (0 0 0) to (16.196 16.196 16.196)
  create_atoms CPU = 0.001 seconds
Reading eam/alloy potential file Al_zhou.eam.alloy with DATE: 2007-10-12
WARNING: No fixes with time integration, atoms won't move
For more information see https://docs.lammps.org/err0028 (src/verlet.cpp:60)
Last active /omp style is pair_style eam/alloy/omp
Neighbor list info ...
  update: every = 1 steps, delay = 0 steps, check = yes
  max neighbors/atom: 2000, page size: 100000
  master list distance cutoff = 12.1025
  ghost atom cutoff = 12.1025
  binsize = 6.05125, bins = 3 3 3
  1 neighbor lists, perpetual/occasional/extra = 1 0 0
  (1) pair eam/alloy/omp, perpetual
      attributes: half, newton on, omp
      pair build: half/bin/atomonly/newton/omp
      stencil: half/bin/3d
      bin: standard
Setting up Verlet run ...
  Unit style    : metal
  Current step  : 0
  Time step     : 0.001
Per MPI rank memory allocation (min/avg/max) = 9.67 | 9.67 | 9.67 Mbytes
   Step         PotEng         Volume    
         0  -915.70563      4248.3795    
Loop time of 1.082e-06 on 8 procs for 0 steps with 256 atoms

92.4% CPU use with 1 MPI tasks x 8 OpenMP threads

MPI task timing breakdown:
Section |  min time  |  avg time  |  max time  |%varavg| %total
---------------------------------------------------------------
Pair    | 0          | 0          | 0          |   0.0 |  0.00
Neigh   | 0          | 0          | 0          |   0.0 |  0.00
Comm    | 0          | 0          | 0          |   0.0 |  0.00
Output  | 0          | 0          | 0          |   0.0 |  0.00
Modify  | 0          | 0          | 0          |   0.0 |  0.00
Other   |            | 1.082e-06  |            |       |100.00

Nlocal:            256 ave         256 max         256 min
Histogram: 1 0 0 0 0 0 0 0 0 0
Nghost:           3744 ave        3744 max        3744 min
Histogram: 1 0 0 0 0 0 0 0 0 0
Neighs:          54784 ave       54784 max       54784 min
Histogram: 1 0 0 0 0 0 0 0 0 0

Total # of neighbors = 54784
Ave neighs/atom = 214
Neighbor list builds = 0
Dangerous builds = 0
EV 4.049 16.59523241225 -3.57697511201299
