  using 8 OpenMP thread(s) per MPI task
using multi-threaded neighbor list subroutines
  using 16 OpenMP thread(s) per MPI task
set 8 OpenMP thread(s) per MPI task
using multi-threaded neighbor list subroutines
Lattice spacing in x,y,z = 3.9 3.9 3.9
Created orthogonal box = (0 0 0) to (15.6 15.6 15.6)
  1 by 1 by 1 MPI processor grid
Created 256 atoms
  using lattice units in orthogonal box = (0 0 0) to (15.6 15.6 15.6)
  create_atoms CPU = 0.001 seconds
Reading eam/alloy potential file Al_zhou.eam.alloy with DATE: 2007-10-12
WARNING: No fixes with time integration, atoms won't move
For more information see https://docs.lammps.org/err0028 (src/verlet.cpp:60)
Last active /omp style is pair_style eam/alloy/omp
Neighbor list info ...
  update: every = 1 steps, delay = 0 steps, check = yes
  max neighbors/atom: 2000, page size: 100000
  master list distance cutoff = 12.1025
  ghost atom cutoff = 12.1025
  binsize = 6.05125, bins = 3 3 3
  1 neighbor lists, perpetual/occasional/extra = 1 0 0
  (1) pair eam/alloy/omp, perpetual
      attributes: half, newton on, omp
      pair build: half/bin/atomonly/newton/omp
      stencil: half/bin/3d
      bin: standard
Setting up Verlet run ...
  Unit style    : metal
  Current step  : 0
  Time step     : 0.001
Per MPI rank memory allocation (min/avg/max) = 9.67 | 9.67 | 9.67 Mbytes
   Step          Temp          E_pair         E_mol          TotEng         Press     
         0   0             -891.27405      0             -891.27405      155403.42    
Loop time of 1.152e-06 on 8 procs for 0 steps with 256 atoms

173.6% CPU use with 1 MPI tasks x 8 OpenMP threads

MPI task timing breakdown:
Section |  min time  |  avg time  |  max time  |%varavg| %total
---------------------------------------------------------------
Pair    | 0          | 0          | 0          |   0.0 |  0.00
Neigh   | 0          | 0          | 0          |   0.0 |  0.00
Comm    | 0          | 0          | 0          |   0.0 |  0.00
Output  | 0          | 0          | 0          |   0.0 |  0.00
Modify  | 0          | 0          | 0          |   0.0 |  0.00
Other   |            | 1.152e-06  |            |       |100.00

Nlocal:            256 ave         256 max         256 min
Histogram: 1 0 0 0 0 0 0 0 0 0
Nghost:           3744 ave        3744 max        3744 min
Histogram: 1 0 0 0 0 0 0 0 0 0
Neighs:          67840 ave       67840 max       67840 min
Histogram: 1 0 0 0 0 0 0 0 0 0

Total # of neighbors = 67840
Ave neighs/atom = 265
Neighbor list builds = 0
Dangerous builds = 0
  using 8 OpenMP thread(s) per MPI task
using multi-threaded neighbor list subroutines
Lattice spacing in x,y,z = 3.925 3.925 3.925
Created orthogonal box = (0 0 0) to (15.7 15.7 15.7)
  1 by 1 by 1 MPI processor grid
Created 256 atoms
  using lattice units in orthogonal box = (0 0 0) to (15.7 15.7 15.7)
  create_atoms CPU = 0.001 seconds
Reading eam/alloy potential file Al_zhou.eam.alloy with DATE: 2007-10-12
WARNING: No fixes with time integration, atoms won't move
For more information see https://docs.lammps.org/err0028 (src/verlet.cpp:60)
Last active /omp style is pair_style eam/alloy/omp
Neighbor list info ...
  update: every = 1 steps, delay = 0 steps, check = yes
  max neighbors/atom: 2000, page size: 100000
  master list distance cutoff = 12.1025
  ghost atom cutoff = 12.1025
  binsize = 6.05125, bins = 3 3 3
  1 neighbor lists, perpetual/occasional/extra = 1 0 0
  (1) pair eam/alloy/omp, perpetual
      attributes: half, newton on, omp
      pair build: half/bin/atomonly/newton/omp
      stencil: half/bin/3d
      bin: standard
Setting up Verlet run ...
  Unit style    : metal
  Current step  : 0
  Time step     : 0.001
Per MPI rank memory allocation (min/avg/max) = 9.67 | 9.67 | 9.67 Mbytes
   Step          Temp          E_pair         E_mol          TotEng         Press     
         0   0             -897.84443      0             -897.84443      131306.8     
Loop time of 2.054e-06 on 8 procs for 0 steps with 256 atoms

97.4% CPU use with 1 MPI tasks x 8 OpenMP threads

MPI task timing breakdown:
Section |  min time  |  avg time  |  max time  |%varavg| %total
---------------------------------------------------------------
Pair    | 0          | 0          | 0          |   0.0 |  0.00
Neigh   | 0          | 0          | 0          |   0.0 |  0.00
Comm    | 0          | 0          | 0          |   0.0 |  0.00
Output  | 0          | 0          | 0          |   0.0 |  0.00
Modify  | 0          | 0          | 0          |   0.0 |  0.00
Other   |            | 2.054e-06  |            |       |100.00

Nlocal:            256 ave         256 max         256 min
Histogram: 1 0 0 0 0 0 0 0 0 0
Nghost:           3744 ave        3744 max        3744 min
Histogram: 1 0 0 0 0 0 0 0 0 0
Neighs:          67840 ave       67840 max       67840 min
Histogram: 1 0 0 0 0 0 0 0 0 0

Total # of neighbors = 67840
Ave neighs/atom = 265
Neighbor list builds = 0
Dangerous builds = 0
  using 8 OpenMP thread(s) per MPI task
using multi-threaded neighbor list subroutines
Lattice spacing in x,y,z = 3.95 3.95 3.95
Created orthogonal box = (0 0 0) to (15.8 15.8 15.8)
  1 by 1 by 1 MPI processor grid
Created 256 atoms
  using lattice units in orthogonal box = (0 0 0) to (15.8 15.8 15.8)
  create_atoms CPU = 0.000 seconds
Reading eam/alloy potential file Al_zhou.eam.alloy with DATE: 2007-10-12
WARNING: No fixes with time integration, atoms won't move
For more information see https://docs.lammps.org/err0028 (src/verlet.cpp:60)
Last active /omp style is pair_style eam/alloy/omp
Neighbor list info ...
  update: every = 1 steps, delay = 0 steps, check = yes
  max neighbors/atom: 2000, page size: 100000
  master list distance cutoff = 12.1025
  ghost atom cutoff = 12.1025
  binsize = 6.05125, bins = 3 3 3
  1 neighbor lists, perpetual/occasional/extra = 1 0 0
  (1) pair eam/alloy/omp, perpetual
      attributes: half, newton on, omp
      pair build: half/bin/atomonly/newton/omp
      stencil: half/bin/3d
      bin: standard
Setting up Verlet run ...
  Unit style    : metal
  Current step  : 0
  Time step     : 0.001
Per MPI rank memory allocation (min/avg/max) = 9.67 | 9.67 | 9.67 Mbytes
   Step          Temp          E_pair         E_mol          TotEng         Press     
         0   0             -903.39679      0             -903.39679      107938.77    
Loop time of 1.143e-06 on 8 procs for 0 steps with 256 atoms

87.5% CPU use with 1 MPI tasks x 8 OpenMP threads

MPI task timing breakdown:
Section |  min time  |  avg time  |  max time  |%varavg| %total
---------------------------------------------------------------
Pair    | 0          | 0          | 0          |   0.0 |  0.00
Neigh   | 0          | 0          | 0          |   0.0 |  0.00
Comm    | 0          | 0          | 0          |   0.0 |  0.00
Output  | 0          | 0          | 0          |   0.0 |  0.00
Modify  | 0          | 0          | 0          |   0.0 |  0.00
Other   |            | 1.143e-06  |            |       |100.00

Nlocal:            256 ave         256 max         256 min
Histogram: 1 0 0 0 0 0 0 0 0 0
Nghost:           3744 ave        3744 max        3744 min
Histogram: 1 0 0 0 0 0 0 0 0 0
Neighs:          58624 ave       58624 max       58624 min
Histogram: 1 0 0 0 0 0 0 0 0 0

Total # of neighbors = 58624
Ave neighs/atom = 229
Neighbor list builds = 0
Dangerous builds = 0
  using 8 OpenMP thread(s) per MPI task
using multi-threaded neighbor list subroutines
Lattice spacing in x,y,z = 3.975 3.975 3.975
Created orthogonal box = (0 0 0) to (15.9 15.9 15.9)
  1 by 1 by 1 MPI processor grid
Created 256 atoms
  using lattice units in orthogonal box = (0 0 0) to (15.9 15.9 15.9)
  create_atoms CPU = 0.000 seconds
Reading eam/alloy potential file Al_zhou.eam.alloy with DATE: 2007-10-12
WARNING: No fixes with time integration, atoms won't move
For more information see https://docs.lammps.org/err0028 (src/verlet.cpp:60)
Last active /omp style is pair_style eam/alloy/omp
Neighbor list info ...
  update: every = 1 steps, delay = 0 steps, check = yes
  max neighbors/atom: 2000, page size: 100000
  master list distance cutoff = 12.1025
  ghost atom cutoff = 12.1025
  binsize = 6.05125, bins = 3 3 3
  1 neighbor lists, perpetual/occasional/extra = 1 0 0
  (1) pair eam/alloy/omp, perpetual
      attributes: half, newton on, omp
      pair build: half/bin/atomonly/newton/omp
      stencil: half/bin/3d
      bin: standard
Setting up Verlet run ...
  Unit style    : metal
  Current step  : 0
  Time step     : 0.001
Per MPI rank memory allocation (min/avg/max) = 9.67 | 9.67 | 9.67 Mbytes
   Step          Temp          E_pair         E_mol          TotEng         Press     
         0   0             -907.94521      0             -907.94521      85777.024    
Loop time of 1.082e-06 on 8 procs for 0 steps with 256 atoms

92.4% CPU use with 1 MPI tasks x 8 OpenMP threads

MPI task timing breakdown:
Section |  min time  |  avg time  |  max time  |%varavg| %total
---------------------------------------------------------------
Pair    | 0          | 0          | 0          |   0.0 |  0.00
Neigh   | 0          | 0          | 0          |   0.0 |  0.00
Comm    | 0          | 0          | 0          |   0.0 |  0.00
Output  | 0          | 0          | 0          |   0.0 |  0.00
Modify  | 0          | 0          | 0          |   0.0 |  0.00
Other   |            | 1.082e-06  |            |       |100.00

Nlocal:            256 ave         256 max         256 min
Histogram: 1 0 0 0 0 0 0 0 0 0
Nghost:           3744 ave        3744 max        3744 min
Histogram: 1 0 0 0 0 0 0 0 0 0
Neighs:          58624 ave       58624 max       58624 min
Histogram: 1 0 0 0 0 0 0 0 0 0

Total # of neighbors = 58624
Ave neighs/atom = 229
Neighbor list builds = 0
Dangerous builds = 0
  using 8 OpenMP thread(s) per MPI task
using multi-threaded neighbor list subroutines
Lattice spacing in x,y,z = 4 4 4
Created orthogonal box = (0 0 0) to (16 16 16)
  1 by 1 by 1 MPI processor grid
Created 256 atoms
  using lattice units in orthogonal box = (0 0 0) to (16 16 16)
  create_atoms CPU = 0.000 seconds
Reading eam/alloy potential file Al_zhou.eam.alloy with DATE: 2007-10-12
WARNING: No fixes with time integration, atoms won't move
For more information see https://docs.lammps.org/err0028 (src/verlet.cpp:60)
Last active /omp style is pair_style eam/alloy/omp
Neighbor list info ...
  update: every = 1 steps, delay = 0 steps, check = yes
  max neighbors/atom: 2000, page size: 100000
  master list distance cutoff = 12.1025
  ghost atom cutoff = 12.1025
  binsize = 6.05125, bins = 3 3 3
  1 neighbor lists, perpetual/occasional/extra = 1 0 0
  (1) pair eam/alloy/omp, perpetual
      attributes: half, newton on, omp
      pair build: half/bin/atomonly/newton/omp
      stencil: half/bin/3d
      bin: standard
Setting up Verlet run ...
  Unit style    : metal
  Current step  : 0
  Time step     : 0.001
Per MPI rank memory allocation (min/avg/max) = 9.67 | 9.67 | 9.67 Mbytes
   Step          Temp          E_pair         E_mol          TotEng         Press     
         0   0             -911.51848      0             -911.51848      64372.69     
Loop time of 9.62e-07 on 8 procs for 0 steps with 256 atoms

104.0% CPU use with 1 MPI tasks x 8 OpenMP threads

MPI task timing breakdown:
Section |  min time  |  avg time  |  max time  |%varavg| %total
---------------------------------------------------------------
Pair    | 0          | 0          | 0          |   0.0 |  0.00
Neigh   | 0          | 0          | 0          |   0.0 |  0.00
Comm    | 0          | 0          | 0          |   0.0 |  0.00
Output  | 0          | 0          | 0          |   0.0 |  0.00
Modify  | 0          | 0          | 0          |   0.0 |  0.00
Other   |            | 9.62e-07   |            |       |100.00

Nlocal:            256 ave         256 max         256 min
Histogram: 1 0 0 0 0 0 0 0 0 0
Nghost:           3744 ave        3744 max        3744 min
Histogram: 1 0 0 0 0 0 0 0 0 0
Neighs:          58624 ave       58624 max       58624 min
Histogram: 1 0 0 0 0 0 0 0 0 0

Total # of neighbors = 58624
Ave neighs/atom = 229
Neighbor list builds = 0
Dangerous builds = 0
  using 8 OpenMP thread(s) per MPI task
using multi-threaded neighbor list subroutines
Lattice spacing in x,y,z = 4.025 4.025 4.025
Created orthogonal box = (0 0 0) to (16.1 16.1 16.1)
  1 by 1 by 1 MPI processor grid
Created 256 atoms
  using lattice units in orthogonal box = (0 0 0) to (16.1 16.1 16.1)
  create_atoms CPU = 0.000 seconds
Reading eam/alloy potential file Al_zhou.eam.alloy with DATE: 2007-10-12
WARNING: No fixes with time integration, atoms won't move
For more information see https://docs.lammps.org/err0028 (src/verlet.cpp:60)
Last active /omp style is pair_style eam/alloy/omp
Neighbor list info ...
  update: every = 1 steps, delay = 0 steps, check = yes
  max neighbors/atom: 2000, page size: 100000
  master list distance cutoff = 12.1025
  ghost atom cutoff = 12.1025
  binsize = 6.05125, bins = 3 3 3
  1 neighbor lists, perpetual/occasional/extra = 1 0 0
  (1) pair eam/alloy/omp, perpetual
      attributes: half, newton on, omp
      pair build: half/bin/atomonly/newton/omp
      stencil: half/bin/3d
      bin: standard
Setting up Verlet run ...
  Unit style    : metal
  Current step  : 0
  Time step     : 0.001
Per MPI rank memory allocation (min/avg/max) = 9.67 | 9.67 | 9.67 Mbytes
   Step          Temp          E_pair         E_mol          TotEng         Press     
         0   0             -914.11771      0             -914.11771      43563.219    
Loop time of 1.112e-06 on 8 procs for 0 steps with 256 atoms

89.9% CPU use with 1 MPI tasks x 8 OpenMP threads

MPI task timing breakdown:
Section |  min time  |  avg time  |  max time  |%varavg| %total
---------------------------------------------------------------
Pair    | 0          | 0          | 0          |   0.0 |  0.00
Neigh   | 0          | 0          | 0          |   0.0 |  0.00
Comm    | 0          | 0          | 0          |   0.0 |  0.00
Output  | 0          | 0          | 0          |   0.0 |  0.00
Modify  | 0          | 0          | 0          |   0.0 |  0.00
Other   |            | 1.112e-06  |            |       |100.00

Nlocal:            256 ave         256 max         256 min
Histogram: 1 0 0 0 0 0 0 0 0 0
Nghost:           3744 ave        3744 max        3744 min
Histogram: 1 0 0 0 0 0 0 0 0 0
Neighs:          58624 ave       58624 max       58624 min
Histogram: 1 0 0 0 0 0 0 0 0 0

Total # of neighbors = 58624
Ave neighs/atom = 229
Neighbor list builds = 0
Dangerous builds = 0
  using 8 OpenMP thread(s) per MPI task
using multi-threaded neighbor list subroutines
Lattice spacing in x,y,z = 4.05 4.05 4.05
Created orthogonal box = (0 0 0) to (16.2 16.2 16.2)
  1 by 1 by 1 MPI processor grid
Created 256 atoms
  using lattice units in orthogonal box = (0 0 0) to (16.2 16.2 16.2)
  create_atoms CPU = 0.000 seconds
Reading eam/alloy potential file Al_zhou.eam.alloy with DATE: 2007-10-12
WARNING: No fixes with time integration, atoms won't move
For more information see https://docs.lammps.org/err0028 (src/verlet.cpp:60)
Last active /omp style is pair_style eam/alloy/omp
Neighbor list info ...
  update: every = 1 steps, delay = 0 steps, check = yes
  max neighbors/atom: 2000, page size: 100000
  master list distance cutoff = 12.1025
  ghost atom cutoff = 12.1025
  binsize = 6.05125, bins = 3 3 3
  1 neighbor lists, perpetual/occasional/extra = 1 0 0
  (1) pair eam/alloy/omp, perpetual
      attributes: half, newton on, omp
      pair build: half/bin/atomonly/newton/omp
      stencil: half/bin/3d
      bin: standard
Setting up Verlet run ...
  Unit style    : metal
  Current step  : 0
  Time step     : 0.001
Per MPI rank memory allocation (min/avg/max) = 9.67 | 9.67 | 9.67 Mbytes
   Step          Temp          E_pair         E_mol          TotEng         Press     
         0   0             -915.75277      0             -915.75277      23601.197    
Loop time of 1.032e-06 on 8 procs for 0 steps with 256 atoms

193.8% CPU use with 1 MPI tasks x 8 OpenMP threads

MPI task timing breakdown:
Section |  min time  |  avg time  |  max time  |%varavg| %total
---------------------------------------------------------------
Pair    | 0          | 0          | 0          |   0.0 |  0.00
Neigh   | 0          | 0          | 0          |   0.0 |  0.00
Comm    | 0          | 0          | 0          |   0.0 |  0.00
Output  | 0          | 0          | 0          |   0.0 |  0.00
Modify  | 0          | 0          | 0          |   0.0 |  0.00
Other   |            | 1.032e-06  |            |       |100.00

Nlocal:            256 ave         256 max         256 min
Histogram: 1 0 0 0 0 0 0 0 0 0
Nghost:           3744 ave        3744 max        3744 min
Histogram: 1 0 0 0 0 0 0 0 0 0
Neighs:          54784 ave       54784 max       54784 min
Histogram: 1 0 0 0 0 0 0 0 0 0

Total # of neighbors = 54784
Ave neighs/atom = 214
Neighbor list builds = 0
Dangerous builds = 0
  using 8 OpenMP thread(s) per MPI task
using multi-threaded neighbor list subroutines
Lattice spacing in x,y,z = 4.075 4.075 4.075
Created orthogonal box = (0 0 0) to (16.3 16.3 16.3)
  1 by 1 by 1 MPI processor grid
Created 256 atoms
  using lattice units in orthogonal box = (0 0 0) to (16.3 16.3 16.3)
  create_atoms CPU = 0.000 seconds
Reading eam/alloy potential file Al_zhou.eam.alloy with DATE: 2007-10-12
WARNING: No fixes with time integration, atoms won't move
For more information see https://docs.lammps.org/err0028 (src/verlet.cpp:60)
Last active /omp style is pair_style eam/alloy/omp
Neighbor list info ...
  update: every = 1 steps, delay = 0 steps, check = yes
  max neighbors/atom: 2000, page size: 100000
  master list distance cutoff = 12.1025
  ghost atom cutoff = 12.1025
  binsize = 6.05125, bins = 3 3 3
  1 neighbor lists, perpetual/occasional/extra = 1 0 0
  (1) pair eam/alloy/omp, perpetual
      attributes: half, newton on, omp
      pair build: half/bin/atomonly/newton/omp
      stencil: half/bin/3d
      bin: standard
Setting up Verlet run ...
  Unit style    : metal
  Current step  : 0
  Time step     : 0.001
Per MPI rank memory allocation (min/avg/max) = 9.67 | 9.67 | 9.67 Mbytes
   Step          Temp          E_pair         E_mol          TotEng         Press     
         0   0             -916.4481       0             -916.4481       4778.6082    
Loop time of 9.71e-07 on 8 procs for 0 steps with 256 atoms

0.0% CPU use with 1 MPI tasks x 8 OpenMP threads

MPI task timing breakdown:
Section |  min time  |  avg time  |  max time  |%varavg| %total
---------------------------------------------------------------
Pair    | 0          | 0          | 0          |   0.0 |  0.00
Neigh   | 0          | 0          | 0          |   0.0 |  0.00
Comm    | 0          | 0          | 0          |   0.0 |  0.00
Output  | 0          | 0          | 0          |   0.0 |  0.00
Modify  | 0          | 0          | 0          |   0.0 |  0.00
Other   |            | 9.71e-07   |            |       |100.00

Nlocal:            256 ave         256 max         256 min
Histogram: 1 0 0 0 0 0 0 0 0 0
Nghost:           3744 ave        3744 max        3744 min
Histogram: 1 0 0 0 0 0 0 0 0 0
Neighs:          54784 ave       54784 max       54784 min
Histogram: 1 0 0 0 0 0 0 0 0 0

Total # of neighbors = 54784
Ave neighs/atom = 214
Neighbor list builds = 0
Dangerous builds = 0
  using 8 OpenMP thread(s) per MPI task
using multi-threaded neighbor list subroutines
Lattice spacing in x,y,z = 4.1 4.1 4.1
Created orthogonal box = (0 0 0) to (16.4 16.4 16.4)
  1 by 1 by 1 MPI processor grid
Created 256 atoms
  using lattice units in orthogonal box = (0 0 0) to (16.4 16.4 16.4)
  create_atoms CPU = 0.000 seconds
Reading eam/alloy potential file Al_zhou.eam.alloy with DATE: 2007-10-12
WARNING: No fixes with time integration, atoms won't move
For more information see https://docs.lammps.org/err0028 (src/verlet.cpp:60)
Last active /omp style is pair_style eam/alloy/omp
Neighbor list info ...
  update: every = 1 steps, delay = 0 steps, check = yes
  max neighbors/atom: 2000, page size: 100000
  master list distance cutoff = 12.1025
  ghost atom cutoff = 12.1025
  binsize = 6.05125, bins = 3 3 3
  1 neighbor lists, perpetual/occasional/extra = 1 0 0
  (1) pair eam/alloy/omp, perpetual
      attributes: half, newton on, omp
      pair build: half/bin/atomonly/newton/omp
      stencil: half/bin/3d
      bin: standard
Setting up Verlet run ...
  Unit style    : metal
  Current step  : 0
  Time step     : 0.001
Per MPI rank memory allocation (min/avg/max) = 9.67 | 9.67 | 9.67 Mbytes
   Step          Temp          E_pair         E_mol          TotEng         Press     
         0   0             -916.24498      0             -916.24498     -12590.481    
Loop time of 1.172e-06 on 8 procs for 0 steps with 256 atoms

85.3% CPU use with 1 MPI tasks x 8 OpenMP threads

MPI task timing breakdown:
Section |  min time  |  avg time  |  max time  |%varavg| %total
---------------------------------------------------------------
Pair    | 0          | 0          | 0          |   0.0 |  0.00
Neigh   | 0          | 0          | 0          |   0.0 |  0.00
Comm    | 0          | 0          | 0          |   0.0 |  0.00
Output  | 0          | 0          | 0          |   0.0 |  0.00
Modify  | 0          | 0          | 0          |   0.0 |  0.00
Other   |            | 1.172e-06  |            |       |100.00

Nlocal:            256 ave         256 max         256 min
Histogram: 1 0 0 0 0 0 0 0 0 0
Nghost:           3744 ave        3744 max        3744 min
Histogram: 1 0 0 0 0 0 0 0 0 0
Neighs:          54784 ave       54784 max       54784 min
Histogram: 1 0 0 0 0 0 0 0 0 0

Total # of neighbors = 54784
Ave neighs/atom = 214
Neighbor list builds = 0
Dangerous builds = 0
  using 8 OpenMP thread(s) per MPI task
using multi-threaded neighbor list subroutines
Lattice spacing in x,y,z = 4.125 4.125 4.125
Created orthogonal box = (0 0 0) to (16.5 16.5 16.5)
  1 by 1 by 1 MPI processor grid
Created 256 atoms
  using lattice units in orthogonal box = (0 0 0) to (16.5 16.5 16.5)
  create_atoms CPU = 0.000 seconds
Reading eam/alloy potential file Al_zhou.eam.alloy with DATE: 2007-10-12
WARNING: No fixes with time integration, atoms won't move
For more information see https://docs.lammps.org/err0028 (src/verlet.cpp:60)
Last active /omp style is pair_style eam/alloy/omp
Neighbor list info ...
  update: every = 1 steps, delay = 0 steps, check = yes
  max neighbors/atom: 2000, page size: 100000
  master list distance cutoff = 12.1025
  ghost atom cutoff = 12.1025
  binsize = 6.05125, bins = 3 3 3
  1 neighbor lists, perpetual/occasional/extra = 1 0 0
  (1) pair eam/alloy/omp, perpetual
      attributes: half, newton on, omp
      pair build: half/bin/atomonly/newton/omp
      stencil: half/bin/3d
      bin: standard
Setting up Verlet run ...
  Unit style    : metal
  Current step  : 0
  Time step     : 0.001
Per MPI rank memory allocation (min/avg/max) = 9.67 | 9.67 | 9.67 Mbytes
   Step          Temp          E_pair         E_mol          TotEng         Press     
         0   0             -915.20275      0             -915.20275     -28199.161    
Loop time of 1.133e-06 on 8 procs for 0 steps with 256 atoms

88.3% CPU use with 1 MPI tasks x 8 OpenMP threads

MPI task timing breakdown:
Section |  min time  |  avg time  |  max time  |%varavg| %total
---------------------------------------------------------------
Pair    | 0          | 0          | 0          |   0.0 |  0.00
Neigh   | 0          | 0          | 0          |   0.0 |  0.00
Comm    | 0          | 0          | 0          |   0.0 |  0.00
Output  | 0          | 0          | 0          |   0.0 |  0.00
Modify  | 0          | 0          | 0          |   0.0 |  0.00
Other   |            | 1.133e-06  |            |       |100.00

Nlocal:            256 ave         256 max         256 min
Histogram: 1 0 0 0 0 0 0 0 0 0
Nghost:           3744 ave        3744 max        3744 min
Histogram: 1 0 0 0 0 0 0 0 0 0
Neighs:          54784 ave       54784 max       54784 min
Histogram: 1 0 0 0 0 0 0 0 0 0

Total # of neighbors = 54784
Ave neighs/atom = 214
Neighbor list builds = 0
Dangerous builds = 0
  using 8 OpenMP thread(s) per MPI task
using multi-threaded neighbor list subroutines
Lattice spacing in x,y,z = 4.15 4.15 4.15
Created orthogonal box = (0 0 0) to (16.6 16.6 16.6)
  1 by 1 by 1 MPI processor grid
Created 256 atoms
  using lattice units in orthogonal box = (0 0 0) to (16.6 16.6 16.6)
  create_atoms CPU = 0.000 seconds
Reading eam/alloy potential file Al_zhou.eam.alloy with DATE: 2007-10-12
WARNING: No fixes with time integration, atoms won't move
For more information see https://docs.lammps.org/err0028 (src/verlet.cpp:60)
Last active /omp style is pair_style eam/alloy/omp
Neighbor list info ...
  update: every = 1 steps, delay = 0 steps, check = yes
  max neighbors/atom: 2000, page size: 100000
  master list distance cutoff = 12.1025
  ghost atom cutoff = 12.1025
  binsize = 6.05125, bins = 3 3 3
  1 neighbor lists, perpetual/occasional/extra = 1 0 0
  (1) pair eam/alloy/omp, perpetual
      attributes: half, newton on, omp
      pair build: half/bin/atomonly/newton/omp
      stencil: half/bin/3d
      bin: standard
Setting up Verlet run ...
  Unit style    : metal
  Current step  : 0
  Time step     : 0.001
Per MPI rank memory allocation (min/avg/max) = 9.67 | 9.67 | 9.67 Mbytes
   Step          Temp          E_pair         E_mol          TotEng         Press     
         0   0             -913.39828      0             -913.39828     -41786.104    
Loop time of 1.042e-06 on 8 procs for 0 steps with 256 atoms

96.0% CPU use with 1 MPI tasks x 8 OpenMP threads

MPI task timing breakdown:
Section |  min time  |  avg time  |  max time  |%varavg| %total
---------------------------------------------------------------
Pair    | 0          | 0          | 0          |   0.0 |  0.00
Neigh   | 0          | 0          | 0          |   0.0 |  0.00
Comm    | 0          | 0          | 0          |   0.0 |  0.00
Output  | 0          | 0          | 0          |   0.0 |  0.00
Modify  | 0          | 0          | 0          |   0.0 |  0.00
Other   |            | 1.042e-06  |            |       |100.00

Nlocal:            256 ave         256 max         256 min
Histogram: 1 0 0 0 0 0 0 0 0 0
Nghost:           3744 ave        3744 max        3744 min
Histogram: 1 0 0 0 0 0 0 0 0 0
Neighs:          54784 ave       54784 max       54784 min
Histogram: 1 0 0 0 0 0 0 0 0 0

Total # of neighbors = 54784
Ave neighs/atom = 214
Neighbor list builds = 0
Dangerous builds = 0
  using 8 OpenMP thread(s) per MPI task
using multi-threaded neighbor list subroutines
Lattice spacing in x,y,z = 4.175 4.175 4.175
Created orthogonal box = (0 0 0) to (16.7 16.7 16.7)
  1 by 1 by 1 MPI processor grid
Created 256 atoms
  using lattice units in orthogonal box = (0 0 0) to (16.7 16.7 16.7)
  create_atoms CPU = 0.000 seconds
Reading eam/alloy potential file Al_zhou.eam.alloy with DATE: 2007-10-12
WARNING: No fixes with time integration, atoms won't move
For more information see https://docs.lammps.org/err0028 (src/verlet.cpp:60)
Last active /omp style is pair_style eam/alloy/omp
Neighbor list info ...
  update: every = 1 steps, delay = 0 steps, check = yes
  max neighbors/atom: 2000, page size: 100000
  master list distance cutoff = 12.1025
  ghost atom cutoff = 12.1025
  binsize = 6.05125, bins = 3 3 3
  1 neighbor lists, perpetual/occasional/extra = 1 0 0
  (1) pair eam/alloy/omp, perpetual
      attributes: half, newton on, omp
      pair build: half/bin/atomonly/newton/omp
      stencil: half/bin/3d
      bin: standard
Setting up Verlet run ...
  Unit style    : metal
  Current step  : 0
  Time step     : 0.001
Per MPI rank memory allocation (min/avg/max) = 9.67 | 9.67 | 9.67 Mbytes
   Step          Temp          E_pair         E_mol          TotEng         Press     
         0   0             -910.92327      0             -910.92327     -53176.306    
Loop time of 9.91e-07 on 8 procs for 0 steps with 256 atoms

100.9% CPU use with 1 MPI tasks x 8 OpenMP threads

MPI task timing breakdown:
Section |  min time  |  avg time  |  max time  |%varavg| %total
---------------------------------------------------------------
Pair    | 0          | 0          | 0          |   0.0 |  0.00
Neigh   | 0          | 0          | 0          |   0.0 |  0.00
Comm    | 0          | 0          | 0          |   0.0 |  0.00
Output  | 0          | 0          | 0          |   0.0 |  0.00
Modify  | 0          | 0          | 0          |   0.0 |  0.00
Other   |            | 9.91e-07   |            |       |100.00

Nlocal:            256 ave         256 max         256 min
Histogram: 1 0 0 0 0 0 0 0 0 0
Nghost:           3744 ave        3744 max        3744 min
Histogram: 1 0 0 0 0 0 0 0 0 0
Neighs:          48640 ave       48640 max       48640 min
Histogram: 1 0 0 0 0 0 0 0 0 0

Total # of neighbors = 48640
Ave neighs/atom = 190
Neighbor list builds = 0
Dangerous builds = 0
  using 8 OpenMP thread(s) per MPI task
using multi-threaded neighbor list subroutines
Lattice spacing in x,y,z = 4.2 4.2 4.2
Created orthogonal box = (0 0 0) to (16.8 16.8 16.8)
  1 by 1 by 1 MPI processor grid
Created 256 atoms
  using lattice units in orthogonal box = (0 0 0) to (16.8 16.8 16.8)
  create_atoms CPU = 0.000 seconds
Reading eam/alloy potential file Al_zhou.eam.alloy with DATE: 2007-10-12
WARNING: No fixes with time integration, atoms won't move
For more information see https://docs.lammps.org/err0028 (src/verlet.cpp:60)
Last active /omp style is pair_style eam/alloy/omp
Neighbor list info ...
  update: every = 1 steps, delay = 0 steps, check = yes
  max neighbors/atom: 2000, page size: 100000
  master list distance cutoff = 12.1025
  ghost atom cutoff = 12.1025
  binsize = 6.05125, bins = 3 3 3
  1 neighbor lists, perpetual/occasional/extra = 1 0 0
  (1) pair eam/alloy/omp, perpetual
      attributes: half, newton on, omp
      pair build: half/bin/atomonly/newton/omp
      stencil: half/bin/3d
      bin: standard
Setting up Verlet run ...
  Unit style    : metal
  Current step  : 0
  Time step     : 0.001
Per MPI rank memory allocation (min/avg/max) = 9.67 | 9.67 | 9.67 Mbytes
   Step          Temp          E_pair         E_mol          TotEng         Press     
         0   0             -907.8794       0             -907.8794      -62314.205    
Loop time of 9.92e-07 on 8 procs for 0 steps with 256 atoms

100.8% CPU use with 1 MPI tasks x 8 OpenMP threads

MPI task timing breakdown:
Section |  min time  |  avg time  |  max time  |%varavg| %total
---------------------------------------------------------------
Pair    | 0          | 0          | 0          |   0.0 |  0.00
Neigh   | 0          | 0          | 0          |   0.0 |  0.00
Comm    | 0          | 0          | 0          |   0.0 |  0.00
Output  | 0          | 0          | 0          |   0.0 |  0.00
Modify  | 0          | 0          | 0          |   0.0 |  0.00
Other   |            | 9.92e-07   |            |       |100.00

Nlocal:            256 ave         256 max         256 min
Histogram: 1 0 0 0 0 0 0 0 0 0
Nghost:           3744 ave        3744 max        3744 min
Histogram: 1 0 0 0 0 0 0 0 0 0
Neighs:          48640 ave       48640 max       48640 min
Histogram: 1 0 0 0 0 0 0 0 0 0

Total # of neighbors = 48640
Ave neighs/atom = 190
Neighbor list builds = 0
Dangerous builds = 0
  using 8 OpenMP thread(s) per MPI task
using multi-threaded neighbor list subroutines
Lattice spacing in x,y,z = 4.225 4.225 4.225
Created orthogonal box = (0 0 0) to (16.9 16.9 16.9)
  1 by 1 by 1 MPI processor grid
Created 256 atoms
  using lattice units in orthogonal box = (0 0 0) to (16.9 16.9 16.9)
  create_atoms CPU = 0.000 seconds
Reading eam/alloy potential file Al_zhou.eam.alloy with DATE: 2007-10-12
WARNING: No fixes with time integration, atoms won't move
For more information see https://docs.lammps.org/err0028 (src/verlet.cpp:60)
Last active /omp style is pair_style eam/alloy/omp
Neighbor list info ...
  update: every = 1 steps, delay = 0 steps, check = yes
  max neighbors/atom: 2000, page size: 100000
  master list distance cutoff = 12.1025
  ghost atom cutoff = 12.1025
  binsize = 6.05125, bins = 3 3 3
  1 neighbor lists, perpetual/occasional/extra = 1 0 0
  (1) pair eam/alloy/omp, perpetual
      attributes: half, newton on, omp
      pair build: half/bin/atomonly/newton/omp
      stencil: half/bin/3d
      bin: standard
Setting up Verlet run ...
  Unit style    : metal
  Current step  : 0
  Time step     : 0.001
Per MPI rank memory allocation (min/avg/max) = 9.67 | 9.67 | 9.67 Mbytes
   Step          Temp          E_pair         E_mol          TotEng         Press     
         0   0             -904.3715       0             -904.3715      -69322.611    
Loop time of 9.82e-07 on 8 procs for 0 steps with 256 atoms

101.8% CPU use with 1 MPI tasks x 8 OpenMP threads

MPI task timing breakdown:
Section |  min time  |  avg time  |  max time  |%varavg| %total
---------------------------------------------------------------
Pair    | 0          | 0          | 0          |   0.0 |  0.00
Neigh   | 0          | 0          | 0          |   0.0 |  0.00
Comm    | 0          | 0          | 0          |   0.0 |  0.00
Output  | 0          | 0          | 0          |   0.0 |  0.00
Modify  | 0          | 0          | 0          |   0.0 |  0.00
Other   |            | 9.82e-07   |            |       |100.00

Nlocal:            256 ave         256 max         256 min
Histogram: 1 0 0 0 0 0 0 0 0 0
Nghost:           3744 ave        3744 max        3744 min
Histogram: 1 0 0 0 0 0 0 0 0 0
Neighs:          48640 ave       48640 max       48640 min
Histogram: 1 0 0 0 0 0 0 0 0 0

Total # of neighbors = 48640
Ave neighs/atom = 190
Neighbor list builds = 0
Dangerous builds = 0
  using 8 OpenMP thread(s) per MPI task
using multi-threaded neighbor list subroutines
Lattice spacing in x,y,z = 4.25 4.25 4.25
Created orthogonal box = (0 0 0) to (17 17 17)
  1 by 1 by 1 MPI processor grid
Created 256 atoms
  using lattice units in orthogonal box = (0 0 0) to (17 17 17)
  create_atoms CPU = 0.000 seconds
Reading eam/alloy potential file Al_zhou.eam.alloy with DATE: 2007-10-12
WARNING: No fixes with time integration, atoms won't move
For more information see https://docs.lammps.org/err0028 (src/verlet.cpp:60)
Last active /omp style is pair_style eam/alloy/omp
Neighbor list info ...
  update: every = 1 steps, delay = 0 steps, check = yes
  max neighbors/atom: 2000, page size: 100000
  master list distance cutoff = 12.1025
  ghost atom cutoff = 12.1025
  binsize = 6.05125, bins = 3 3 3
  1 neighbor lists, perpetual/occasional/extra = 1 0 0
  (1) pair eam/alloy/omp, perpetual
      attributes: half, newton on, omp
      pair build: half/bin/atomonly/newton/omp
      stencil: half/bin/3d
      bin: standard
Setting up Verlet run ...
  Unit style    : metal
  Current step  : 0
  Time step     : 0.001
Per MPI rank memory allocation (min/avg/max) = 9.67 | 9.67 | 9.67 Mbytes
   Step          Temp          E_pair         E_mol          TotEng         Press     
         0   0             -900.48448      0             -900.48448     -74995.979    
Loop time of 1.052e-06 on 8 procs for 0 steps with 256 atoms

95.1% CPU use with 1 MPI tasks x 8 OpenMP threads

MPI task timing breakdown:
Section |  min time  |  avg time  |  max time  |%varavg| %total
---------------------------------------------------------------
Pair    | 0          | 0          | 0          |   0.0 |  0.00
Neigh   | 0          | 0          | 0          |   0.0 |  0.00
Comm    | 0          | 0          | 0          |   0.0 |  0.00
Output  | 0          | 0          | 0          |   0.0 |  0.00
Modify  | 0          | 0          | 0          |   0.0 |  0.00
Other   |            | 1.052e-06  |            |       |100.00

Nlocal:            256 ave         256 max         256 min
Histogram: 1 0 0 0 0 0 0 0 0 0
Nghost:           3744 ave        3744 max        3744 min
Histogram: 1 0 0 0 0 0 0 0 0 0
Neighs:          48640 ave       48640 max       48640 min
Histogram: 1 0 0 0 0 0 0 0 0 0

Total # of neighbors = 48640
Ave neighs/atom = 190
Neighbor list builds = 0
Dangerous builds = 0
  using 8 OpenMP thread(s) per MPI task
using multi-threaded neighbor list subroutines
Lattice spacing in x,y,z = 4.275 4.275 4.275
Created orthogonal box = (0 0 0) to (17.1 17.1 17.1)
  1 by 1 by 1 MPI processor grid
Created 256 atoms
  using lattice units in orthogonal box = (0 0 0) to (17.1 17.1 17.1)
  create_atoms CPU = 0.000 seconds
Reading eam/alloy potential file Al_zhou.eam.alloy with DATE: 2007-10-12
WARNING: No fixes with time integration, atoms won't move
For more information see https://docs.lammps.org/err0028 (src/verlet.cpp:60)
Last active /omp style is pair_style eam/alloy/omp
Neighbor list info ...
  update: every = 1 steps, delay = 0 steps, check = yes
  max neighbors/atom: 2000, page size: 100000
  master list distance cutoff = 12.1025
  ghost atom cutoff = 12.1025
  binsize = 6.05125, bins = 3 3 3
  1 neighbor lists, perpetual/occasional/extra = 1 0 0
  (1) pair eam/alloy/omp, perpetual
      attributes: half, newton on, omp
      pair build: half/bin/atomonly/newton/omp
      stencil: half/bin/3d
      bin: standard
Setting up Verlet run ...
  Unit style    : metal
  Current step  : 0
  Time step     : 0.001
Per MPI rank memory allocation (min/avg/max) = 9.67 | 9.67 | 9.67 Mbytes
   Step          Temp          E_pair         E_mol          TotEng         Press     
         0   0             -896.27101      0             -896.27101     -79649.745    
Loop time of 9.82e-07 on 8 procs for 0 steps with 256 atoms

203.7% CPU use with 1 MPI tasks x 8 OpenMP threads

MPI task timing breakdown:
Section |  min time  |  avg time  |  max time  |%varavg| %total
---------------------------------------------------------------
Pair    | 0          | 0          | 0          |   0.0 |  0.00
Neigh   | 0          | 0          | 0          |   0.0 |  0.00
Comm    | 0          | 0          | 0          |   0.0 |  0.00
Output  | 0          | 0          | 0          |   0.0 |  0.00
Modify  | 0          | 0          | 0          |   0.0 |  0.00
Other   |            | 9.82e-07   |            |       |100.00

Nlocal:            256 ave         256 max         256 min
Histogram: 1 0 0 0 0 0 0 0 0 0
Nghost:           3744 ave        3744 max        3744 min
Histogram: 1 0 0 0 0 0 0 0 0 0
Neighs:          48640 ave       48640 max       48640 min
Histogram: 1 0 0 0 0 0 0 0 0 0

Total # of neighbors = 48640
Ave neighs/atom = 190
Neighbor list builds = 0
Dangerous builds = 0
  using 8 OpenMP thread(s) per MPI task
using multi-threaded neighbor list subroutines
Lattice spacing in x,y,z = 4.3 4.3 4.3
Created orthogonal box = (0 0 0) to (17.2 17.2 17.2)
  1 by 1 by 1 MPI processor grid
Created 256 atoms
  using lattice units in orthogonal box = (0 0 0) to (17.2 17.2 17.2)
  create_atoms CPU = 0.000 seconds
Reading eam/alloy potential file Al_zhou.eam.alloy with DATE: 2007-10-12
WARNING: No fixes with time integration, atoms won't move
For more information see https://docs.lammps.org/err0028 (src/verlet.cpp:60)
Last active /omp style is pair_style eam/alloy/omp
Neighbor list info ...
  update: every = 1 steps, delay = 0 steps, check = yes
  max neighbors/atom: 2000, page size: 100000
  master list distance cutoff = 12.1025
  ghost atom cutoff = 12.1025
  binsize = 6.05125, bins = 3 3 3
  1 neighbor lists, perpetual/occasional/extra = 1 0 0
  (1) pair eam/alloy/omp, perpetual
      attributes: half, newton on, omp
      pair build: half/bin/atomonly/newton/omp
      stencil: half/bin/3d
      bin: standard
Setting up Verlet run ...
  Unit style    : metal
  Current step  : 0
  Time step     : 0.001
Per MPI rank memory allocation (min/avg/max) = 9.67 | 9.67 | 9.67 Mbytes
   Step          Temp          E_pair         E_mol          TotEng         Press     
         0   0             -891.77637      0             -891.77637     -83438.509    
Loop time of 1.062e-06 on 8 procs for 0 steps with 256 atoms

94.2% CPU use with 1 MPI tasks x 8 OpenMP threads

MPI task timing breakdown:
Section |  min time  |  avg time  |  max time  |%varavg| %total
---------------------------------------------------------------
Pair    | 0          | 0          | 0          |   0.0 |  0.00
Neigh   | 0          | 0          | 0          |   0.0 |  0.00
Comm    | 0          | 0          | 0          |   0.0 |  0.00
Output  | 0          | 0          | 0          |   0.0 |  0.00
Modify  | 0          | 0          | 0          |   0.0 |  0.00
Other   |            | 1.062e-06  |            |       |100.00

Nlocal:            256 ave         256 max         256 min
Histogram: 1 0 0 0 0 0 0 0 0 0
Nghost:           3744 ave        3744 max        3744 min
Histogram: 1 0 0 0 0 0 0 0 0 0
Neighs:          47104 ave       47104 max       47104 min
Histogram: 1 0 0 0 0 0 0 0 0 0

Total # of neighbors = 47104
Ave neighs/atom = 184
Neighbor list builds = 0
Dangerous builds = 0
Energy-volume scan complete; results written to ev.yaml
